<?xml version="1.0" encoding="UTF-8"?>
<!-- Generated by org.testng.reporters.JUnitReportReporter -->
<testsuite hostname="Sanjibani" failures="0" tests="1" name="scripts.Test0" time="0.010" errors="0" timestamp="2022-09-12T08:44:45 PDT" skipped="0">
  <testcase classname="scripts.Test0" name="tc1" time="0.010"/>
  <system-out>
    <![CDATA[hello]]>
  </system-out>
</testsuite> <!-- scripts.Test0 -->
