<?xml version="1.0" encoding="UTF-8"?>
<!-- Generated by org.testng.reporters.JUnitReportReporter -->
<testsuite hostname="Sanjibani" failures="0" tests="1" name="scripts.Test3" time="0.014" errors="0" timestamp="2022-09-12T08:44:45 PDT" skipped="0">
  <testcase classname="scripts.Test3" name="tc3" time="0.014"/>
  <system-out>
    <![CDATA[testing]]>
  </system-out>
</testsuite> <!-- scripts.Test3 -->
