<?xml version="1.0" encoding="UTF-8"?>
<!-- Generated by org.testng.reporters.JUnitReportReporter -->
<testsuite hostname="Sanjibani" failures="0" tests="1" name="scripts.Test1" time="0.006" errors="0" timestamp="2022-09-12T08:44:45 PDT" skipped="0">
  <testcase classname="scripts.Test1" name="tc2" time="0.006"/>
  <system-out>
    <![CDATA[java]]>
  </system-out>
</testsuite> <!-- scripts.Test1 -->
