<?xml version="1.0" encoding="UTF-8"?>
<!-- Generated by org.testng.reporters.JUnitReportReporter -->
<testsuite hostname="Sanjibani" failures="0" tests="1" name="scripts.Test2" time="0.007" errors="0" timestamp="2022-09-12T08:44:45 PDT" skipped="0">
  <testcase classname="scripts.Test2" name="tc2" time="0.007"/>
  <system-out>
    <![CDATA[selenium]]>
  </system-out>
</testsuite> <!-- scripts.Test2 -->
